2024-07-16 13:12:58.713467 enter: embedding_split_to_faiss
2024-07-16 13:12:59.566929 embeds_np shape (6059, 1536)
2024-07-16 13:12:59.586747 index stats 6059
2024-07-16 13:12:59.688121 exit : embedding_split_to_faiss :seconds= 0.974675
2024-07-16 13:12:59.689873 enter: ask             
2024-07-16 13:13:05.957133 exit : ask              :seconds= 6.267229
2024-07-16 13:13:05.957334 enter: ask             
2024-07-16 13:13:06.141986 enter: get_top_docs    
2024-07-16 13:13:06.142378 using faiss
2024-07-16 13:13:06.161106 dists [0.21597599983215332]
2024-07-16 13:13:06.161205 file_ids [3091]
2024-07-16 13:13:06.161266 exit : get_top_docs     :seconds= 0.019447
2024-07-16 13:13:10.699049 exit : ask              :seconds= 4.741532
2024-07-16 13:13:10.704763 enter: ask             
2024-07-16 13:13:10.883911 enter: get_top_docs    
2024-07-16 13:13:10.884272 using faiss
2024-07-16 13:13:10.897523 dists [0.21597599983215332, 0.2223154902458191]
2024-07-16 13:13:10.897683 file_ids [3091, 2523]
2024-07-16 13:13:10.897842 exit : get_top_docs     :seconds= 0.014036
2024-07-16 13:13:15.457098 exit : ask              :seconds= 4.752192
